# JRE version: Java(TM) SE Runtime Environment (19.0+36) (build 19+36-2238)
# Java VM: Java HotSpot(TM) 64-Bit Server VM (19+36-2238, mixed mode, sharing, tiered, compressed oops, compressed class ptrs, g1 gc, windows-amd64)
GC Precious Log:
 CardTable entry size: 512
 Card Set container configuration: InlinePtr #cards 5 size 8 Array Of Cards #cards 12 size 40 Howl #buckets 4 coarsen threshold 1843 Howl Bitmap #cards 512 size 80 coarsen threshold 460 Card regions per heap region 1 cards per card region 2048
 CPUs: 8 total, 8 available
 Memory: 8029M
 Large Page Support: Disabled
 NUMA Support: Disabled
 Compressed Oops: Enabled (32-bit)
 Heap Region Size: 1M
 Heap Min Capacity: 8M
 Heap Initial Capacity: 126M
 Heap Max Capacity: 2008M
 Pre-touch: Disabled
 Parallel Workers: 8
 Concurrent Workers: 2
 Concurrent Refinement Workers: 8
 Periodic GC: Disabled
Heap:
 garbage-first heap   total 129024K, used 96768K [0x0000000082800000, 0x0000000100000000)
  region size 1024K, 2 young (2048K), 2 survivors (2048K)
 Metaspace       used 958K, committed 1152K, reserved 1114112K
  class space    used 80K, committed 192K, reserved 1048576K
GC Heap History (11 events):
Event: 8.758 GC heap before
{Heap before GC invocations=0 (full 0):
 garbage-first heap   total 129024K, used 23552K [0x0000000082800000, 0x0000000100000000)
  region size 1024K, 23 young (23552K), 0 survivors (0K)
 Metaspace       used 953K, committed 1152K, reserved 1114112K
  class space    used 79K, committed 192K, reserved 1048576K
}
Event: 8.772 GC heap after
{Heap after GC invocations=1 (full 0):
 garbage-first heap   total 129024K, used 21824K [0x0000000082800000, 0x0000000100000000)
  region size 1024K, 3 young (3072K), 3 survivors (3072K)
 Metaspace       used 953K, committed 1152K, reserved 1114112K
  class space    used 79K, committed 192K, reserved 1048576K
}
Event: 8.778 GC heap before
{Heap before GC invocations=1 (full 0):
 garbage-first heap   total 129024K, used 36160K [0x0000000082800000, 0x0000000100000000)
  region size 1024K, 17 young (17408K), 3 survivors (3072K)
 Metaspace       used 956K, committed 1152K, reserved 1114112K
  class space    used 80K, committed 192K, reserved 1048576K
}
Event: 8.787 GC heap after
{Heap after GC invocations=2 (full 0):
 garbage-first heap   total 129024K, used 36352K [0x0000000082800000, 0x0000000100000000)
  region size 1024K, 3 young (3072K), 3 survivors (3072K)
 Metaspace       used 956K, committed 1152K, reserved 1114112K
  class space    used 80K, committed 192K, reserved 1048576K
}
Event: 8.793 GC heap before
{Heap before GC invocations=2 (full 0):
 garbage-first heap   total 129024K, used 58880K [0x0000000082800000, 0x0000000100000000)
  region size 1024K, 25 young (25600K), 3 survivors (3072K)
 Metaspace       used 956K, committed 1152K, reserved 1114112K
  class space    used 80K, committed 192K, reserved 1048576K
}
Event: 8.807 GC heap after
{Heap after GC invocations=3 (full 0):
 garbage-first heap   total 129024K, used 59392K [0x0000000082800000, 0x0000000100000000)
  region size 1024K, 4 young (4096K), 4 survivors (4096K)
 Metaspace       used 956K, committed 1152K, reserved 1114112K
  class space    used 80K, committed 192K, reserved 1048576K
}
Event: 8.812 GC heap before
{Heap before GC invocations=3 (full 0):
 garbage-first heap   total 129024K, used 75776K [0x0000000082800000, 0x0000000100000000)
  region size 1024K, 20 young (20480K), 4 survivors (4096K)
 Metaspace       used 956K, committed 1152K, reserved 1114112K
  class space    used 80K, committed 192K, reserved 1048576K
}
Event: 8.824 GC heap after
{Heap after GC invocations=4 (full 0):
 garbage-first heap   total 129024K, used 76288K [0x0000000082800000, 0x0000000100000000)
  region size 1024K, 3 young (3072K), 3 survivors (3072K)
 Metaspace       used 956K, committed 1152K, reserved 1114112K
  class space    used 80K, committed 192K, reserved 1048576K
}
Event: 8.828 GC heap before
{Heap before GC invocations=4 (full 0):
 garbage-first heap   total 129024K, used 87552K [0x0000000082800000, 0x0000000100000000)
  region size 1024K, 14 young (14336K), 3 survivors (3072K)
 Metaspace       used 958K, committed 1152K, reserved 1114112K
  class space    used 80K, committed 192K, reserved 1048576K
}
Event: 8.837 GC heap after
{Heap after GC invocations=5 (full 0):
 garbage-first heap   total 129024K, used 88576K [0x0000000082800000, 0x0000000100000000)
  region size 1024K, 2 young (2048K), 2 survivors (2048K)
 Metaspace       used 958K, committed 1152K, reserved 1114112K
  class space    used 80K, committed 192K, reserved 1048576K
}
Event: 8.842 GC heap before
{Heap before GC invocations=5 (full 0):
 garbage-first heap   total 129024K, used 95744K [0x0000000082800000, 0x0000000100000000)
  region size 1024K, 9 young (9216K), 2 survivors (2048K)
 Metaspace       used 958K, committed 1152K, reserved 1114112K
  class space    used 80K, committed 192K, reserved 1048576K
}

